<?xml version="1.0" encoding="UTF-8"?>
<testsuite name="com.demoWebShop.tests.ItemTests" tests="1" skipped="0" failures="0" errors="0" timestamp="2026-04-23T20:02:19" hostname="KATANA17" time="0.482">
  <properties/>
  <testcase name="addItemToCartTest" classname="com.demoWebShop.tests.ItemTests" time="0.482"/>
  <system-out><![CDATA[22:02:16.956 [Test worker] INFO  i.g.bonigarcia.wdm.WebDriverManager -- Using chromedriver 147.0.7727.117 (resolved driver for Chrome 147)
22:02:16.958 [Test worker] INFO  i.g.bonigarcia.wdm.WebDriverManager -- Exporting webdriver.chrome.driver as C:\Users\User\.cache\selenium\chromedriver\win64\147.0.7727.117\chromedriver.exe
22:02:18.238 [Test worker] INFO  com.demoWebShop.core.TestBase -- Start test addItemToCartTest with data: []
22:02:19.671 [Test worker] INFO  com.demoWebShop.core.TestBase -- PASSED: addItemToCartTest
22:02:19.672 [Test worker] INFO  com.demoWebShop.core.TestBase -- Stop test
22:02:19.672 [Test worker] INFO  com.demoWebShop.core.TestBase -- *****************************
]]></system-out>
  <system-err><![CDATA[апр. 23, 2026 10:02:17 PM org.openqa.selenium.devtools.CdpVersionFinder findNearestMatch
WARNING: Unable to find an exact match for CDP version 147, returning the closest version; found: 145; Please update to a Selenium version that supports CDP version 147
]]></system-err>
</testsuite>
