<?xml version="1.0" encoding="UTF-8"?>
<testsuite name="com.demoWebShop.tests.HomePageTests" tests="1" skipped="0" failures="0" errors="0" timestamp="2026-04-23T20:02:16" hostname="KATANA17" time="0.01">
  <properties/>
  <testcase name="isComponentPresentTest" classname="com.demoWebShop.tests.HomePageTests" time="0.01"/>
  <system-out><![CDATA[22:02:15.616 [Test worker] INFO  i.g.bonigarcia.wdm.WebDriverManager -- Using chromedriver 147.0.7727.117 (resolved driver for Chrome 147)
22:02:15.620 [Test worker] INFO  i.g.bonigarcia.wdm.WebDriverManager -- Exporting webdriver.chrome.driver as C:\Users\User\.cache\selenium\chromedriver\win64\147.0.7727.117\chromedriver.exe
22:02:16.858 [Test worker] INFO  com.demoWebShop.core.TestBase -- Start test isComponentPresentTest with data: []
22:02:16.870 [Test worker] INFO  com.demoWebShop.core.TestBase -- PASSED: isComponentPresentTest
22:02:16.870 [Test worker] INFO  com.demoWebShop.core.TestBase -- Stop test
22:02:16.870 [Test worker] INFO  com.demoWebShop.core.TestBase -- *****************************
]]></system-out>
  <system-err><![CDATA[апр. 23, 2026 10:02:16 PM org.openqa.selenium.devtools.CdpVersionFinder findNearestMatch
WARNING: Unable to find an exact match for CDP version 147, returning the closest version; found: 145; Please update to a Selenium version that supports CDP version 147
]]></system-err>
</testsuite>
